<?xml version="1.0" encoding="UTF-8"?>
<!-- Generated by org.testng.reporters.JUnitXMLReporter -->
<testsuite ignored="0" hostname="DESKTOP-LMVS422" failures="0" tests="3" name="Surefire test" time="0.047" errors="0" timestamp="2025-10-14T01:57:11 IST">
  <testcase classname="AgeValidatorTest" name="testAgeAbove18" time="0.007"/>
  <testcase classname="AgeValidatorTest" name="testAgeBelow18" time="0.001"/>
  <testcase classname="AgeValidatorTest" name="testAgeExactly18" time="0.0"/>
</testsuite> <!-- Surefire test -->
