<?xml version="1.0" encoding="UTF-8"?>
<testng-results ignored="0" total="3" passed="3" failed="0" skipped="0">
  <reporter-output>
  </reporter-output>
  <suite started-at="2025-10-14T01:57:11 IST" name="Surefire suite" finished-at="2025-10-14T01:57:11 IST" duration-ms="47">
    <groups>
    </groups>
    <test started-at="2025-10-14T01:57:11 IST" name="Surefire test" finished-at="2025-10-14T01:57:11 IST" duration-ms="47">
      <class name="AgeValidatorTest">
        <test-method signature="testAgeAbove18()[pri:0, instance:AgeValidatorTest@1d548a08]" started-at="2025-10-14T01:57:11 IST" name="testAgeAbove18" finished-at="2025-10-14T01:57:11 IST" duration-ms="7" status="PASS">
          <reporter-output>
          </reporter-output>
        </test-method> <!-- testAgeAbove18 -->
        <test-method signature="testAgeBelow18()[pri:0, instance:AgeValidatorTest@1d548a08]" started-at="2025-10-14T01:57:11 IST" name="testAgeBelow18" finished-at="2025-10-14T01:57:11 IST" duration-ms="1" status="PASS">
          <reporter-output>
          </reporter-output>
        </test-method> <!-- testAgeBelow18 -->
        <test-method signature="testAgeExactly18()[pri:0, instance:AgeValidatorTest@1d548a08]" started-at="2025-10-14T01:57:11 IST" name="testAgeExactly18" finished-at="2025-10-14T01:57:11 IST" duration-ms="0" status="PASS">
          <reporter-output>
          </reporter-output>
        </test-method> <!-- testAgeExactly18 -->
      </class> <!-- AgeValidatorTest -->
    </test> <!-- Surefire test -->
  </suite> <!-- Surefire suite -->
</testng-results>
