<?xml version="1.0" encoding="UTF-8"?>
<!-- Generated by org.testng.reporters.JUnitReportReporter -->
<testsuite hostname="DESKTOP-LMVS422" failures="0" tests="3" name="AgeValidatorTest" time="0.008" errors="0" timestamp="2025-10-14T01:57:12 IST" skipped="0">
  <testcase classname="AgeValidatorTest" name="testAgeBelow18" time="0.001"/>
  <testcase classname="AgeValidatorTest" name="testAgeExactly18" time="0.000"/>
  <testcase classname="AgeValidatorTest" name="testAgeAbove18" time="0.007"/>
</testsuite> <!-- AgeValidatorTest -->
